<?xml version="1.0" encoding="UTF-8"?>
<testng-results skipped="0" failed="0" ignored="0" total="2" passed="2">
  <reporter-output>
  </reporter-output>
  <suite name="Default suite" duration-ms="27172" started-at="2019-11-18T11:45:00 IST" finished-at="2019-11-18T11:45:27 IST">
    <groups>
    </groups>
    <test name="Default test" duration-ms="27172" started-at="2019-11-18T11:45:00 IST" finished-at="2019-11-18T11:45:27 IST">
      <class name="com.demoaut.newtours.claassJava.copy.LoginClass">
        <test-method status="PASS" signature="setDriverPath()[pri:0, instance:com.demoaut.newtours.claassJava.copy.LoginClass@59e5ddf]" name="setDriverPath" is-config="true" duration-ms="5789" started-at="2019-11-18T11:45:00 IST" finished-at="2019-11-18T11:45:06 IST">
          <reporter-output>
          </reporter-output>
        </test-method> <!-- setDriverPath -->
        <test-method status="PASS" signature="verifyTitle()[pri:0, instance:com.demoaut.newtours.claassJava.copy.LoginClass@59e5ddf]" name="verifyTitle" duration-ms="29" started-at="2019-11-18T11:45:06 IST" finished-at="2019-11-18T11:45:06 IST">
          <reporter-output>
          </reporter-output>
        </test-method> <!-- verifyTitle -->
        <test-method status="PASS" signature="verifyUserLoginfunctionality()[pri:0, instance:com.demoaut.newtours.claassJava.copy.LoginClass@59e5ddf]" name="verifyUserLoginfunctionality" duration-ms="20235" started-at="2019-11-18T11:45:06 IST" finished-at="2019-11-18T11:45:26 IST">
          <reporter-output>
          </reporter-output>
        </test-method> <!-- verifyUserLoginfunctionality -->
        <test-method status="PASS" signature="ClosetheBrowser()[pri:0, instance:com.demoaut.newtours.claassJava.copy.LoginClass@59e5ddf]" name="ClosetheBrowser" is-config="true" duration-ms="1064" started-at="2019-11-18T11:45:26 IST" finished-at="2019-11-18T11:45:27 IST">
          <reporter-output>
          </reporter-output>
        </test-method> <!-- ClosetheBrowser -->
      </class> <!-- com.demoaut.newtours.claassJava.copy.LoginClass -->
    </test> <!-- Default test -->
  </suite> <!-- Default suite -->
</testng-results>
